2025-12-03 19:58:29 DEBUG [958235] app.tabs.recipe.mesh_utils:241 - load_mount_mesh_from_key: path = /root/ws_moveit/install/spraycoater_bringup/share/spraycoater_bringup/resource/substrate_mounts/circle_d240_h50.stl
2025-12-03 19:58:29 DEBUG [958235] app.tabs.recipe.mesh_utils:198 - load_mesh: resolved path = /root/ws_moveit/install/spraycoater_bringup/share/spraycoater_bringup/resource/substrates/wafer_d100_h2.stl
2025-12-03 19:58:29 INFO [958235] app.tabs.recipe:112 - RecipeTab: MarkerArray mit 3 Markern an SprayPath gesendet (frame=scene, sides=top)
2025-12-03 19:58:29 INFO [958235] app.tabs.recipe:143 - initial preview ausgeführt
2025-12-06 11:33:03 INFO [121802] app.tabs.recipe.mesh_utils:230 - Mount 'circle_d240_h50' mesh -> /root/ws_moveit/install/spraycoater_bringup/share/spraycoater_bringup/resource/substrate_mounts/circle_d240_h50.stl
2025-12-06 11:33:03 DEBUG [121802] app.tabs.recipe.mesh_utils:241 - load_mount_mesh_from_key: path = /root/ws_moveit/install/spraycoater_bringup/share/spraycoater_bringup/resource/substrate_mounts/circle_d240_h50.stl
2025-12-06 11:33:03 DEBUG [121802] app.tabs.recipe.mesh_utils:198 - load_mesh: resolved path = /root/ws_moveit/install/spraycoater_bringup/share/spraycoater_bringup/resource/substrates/wafer_d100_h2.stl
2025-12-06 11:33:03 INFO [121802] app.tabs.recipe:112 - RecipeTab: MarkerArray mit 3 Markern an SprayPath gesendet (frame=scene, sides=top)
2025-12-06 11:33:03 INFO [121802] app.tabs.recipe:143 - initial preview ausgeführt
2025-12-06 11:34:39 INFO [124009] app.tabs.recipe.mesh_utils:230 - Mount 'circle_d240_h50' mesh -> /root/ws_moveit/install/spraycoater_bringup/share/spraycoater_bringup/resource/substrate_mounts/circle_d240_h50.stl
2025-12-06 11:34:39 DEBUG [124009] app.tabs.recipe.mesh_utils:241 - load_mount_mesh_from_key: path = /root/ws_moveit/install/spraycoater_bringup/share/spraycoater_bringup/resource/substrate_mounts/circle_d240_h50.stl
2025-12-06 11:34:39 DEBUG [124009] app.tabs.recipe.mesh_utils:198 - load_mesh: resolved path = /root/ws_moveit/install/spraycoater_bringup/share/spraycoater_bringup/resource/substrates/wafer_d100_h2.stl
2025-12-06 11:34:40 INFO [124009] app.tabs.recipe:143 - initial preview ausgeführt
2025-12-06 11:35:18 INFO [124665] app.tabs.recipe.mesh_utils:230 - Mount 'circle_d240_h50' mesh -> /root/ws_moveit/install/spraycoater_bringup/share/spraycoater_bringup/resource/substrate_mounts/circle_d240_h50.stl
2025-12-06 11:35:18 DEBUG [124665] app.tabs.recipe.mesh_utils:241 - load_mount_mesh_from_key: path = /root/ws_moveit/install/spraycoater_bringup/share/spraycoater_bringup/resource/substrate_mounts/circle_d240_h50.stl
2025-12-06 11:35:18 DEBUG [124665] app.tabs.recipe.mesh_utils:198 - load_mesh: resolved path = /root/ws_moveit/install/spraycoater_bringup/share/spraycoater_bringup/resource/substrates/wafer_d100_h2.stl
2025-12-06 11:35:18 INFO [124665] app.tabs.recipe:143 - initial preview ausgeführt
2025-12-06 11:36:04 INFO [125418] app.tabs.recipe.mesh_utils:230 - Mount 'circle_d240_h50' mesh -> /root/ws_moveit/install/spraycoater_bringup/share/spraycoater_bringup/resource/substrate_mounts/circle_d240_h50.stl
2025-12-06 11:36:04 DEBUG [125418] app.tabs.recipe.mesh_utils:241 - load_mount_mesh_from_key: path = /root/ws_moveit/install/spraycoater_bringup/share/spraycoater_bringup/resource/substrate_mounts/circle_d240_h50.stl
2025-12-06 11:36:04 DEBUG [125418] app.tabs.recipe.mesh_utils:198 - load_mesh: resolved path = /root/ws_moveit/install/spraycoater_bringup/share/spraycoater_bringup/resource/substrates/wafer_d100_h2.stl
2025-12-06 11:36:05 INFO [125418] app.tabs.recipe:143 - initial preview ausgeführt
2025-12-06 11:39:06 INFO [3066] app.tabs.recipe.mesh_utils:230 - Mount 'circle_d240_h50' mesh -> /root/ws_moveit/install/spraycoater_bringup/share/spraycoater_bringup/resource/substrate_mounts/circle_d240_h50.stl
2025-12-06 11:39:06 DEBUG [3066] app.tabs.recipe.mesh_utils:241 - load_mount_mesh_from_key: path = /root/ws_moveit/install/spraycoater_bringup/share/spraycoater_bringup/resource/substrate_mounts/circle_d240_h50.stl
2025-12-06 11:39:06 DEBUG [3066] app.tabs.recipe.mesh_utils:198 - load_mesh: resolved path = /root/ws_moveit/install/spraycoater_bringup/share/spraycoater_bringup/resource/substrates/wafer_d100_h2.stl
2025-12-06 11:39:06 INFO [3066] app.tabs.recipe:143 - initial preview ausgeführt
2025-12-06 11:40:16 INFO [4343] app.tabs.recipe.mesh_utils:230 - Mount 'circle_d240_h50' mesh -> /root/ws_moveit/install/spraycoater_bringup/share/spraycoater_bringup/resource/substrate_mounts/circle_d240_h50.stl
2025-12-06 11:40:16 DEBUG [4343] app.tabs.recipe.mesh_utils:241 - load_mount_mesh_from_key: path = /root/ws_moveit/install/spraycoater_bringup/share/spraycoater_bringup/resource/substrate_mounts/circle_d240_h50.stl
2025-12-06 11:40:16 DEBUG [4343] app.tabs.recipe.mesh_utils:198 - load_mesh: resolved path = /root/ws_moveit/install/spraycoater_bringup/share/spraycoater_bringup/resource/substrates/wafer_d100_h2.stl
2025-12-06 11:40:16 INFO [4343] app.tabs.recipe:112 - RecipeTab: MarkerArray mit 3 Markern an SprayPath gesendet (frame=scene, sides=top)
2025-12-06 11:40:16 INFO [4343] app.tabs.recipe:143 - initial preview ausgeführt
2025-12-06 11:41:33 INFO [6006] app.tabs.recipe.mesh_utils:230 - Mount 'circle_d240_h50' mesh -> /root/ws_moveit/install/spraycoater_bringup/share/spraycoater_bringup/resource/substrate_mounts/circle_d240_h50.stl
2025-12-06 11:41:33 DEBUG [6006] app.tabs.recipe.mesh_utils:241 - load_mount_mesh_from_key: path = /root/ws_moveit/install/spraycoater_bringup/share/spraycoater_bringup/resource/substrate_mounts/circle_d240_h50.stl
2025-12-06 11:41:33 DEBUG [6006] app.tabs.recipe.mesh_utils:198 - load_mesh: resolved path = /root/ws_moveit/install/spraycoater_bringup/share/spraycoater_bringup/resource/substrates/wafer_d100_h2.stl
2025-12-06 11:41:34 INFO [6006] app.tabs.recipe:112 - RecipeTab: MarkerArray mit 3 Markern an SprayPath gesendet (frame=scene, sides=top)
2025-12-06 11:41:34 INFO [6006] app.tabs.recipe:143 - initial preview ausgeführt
2025-12-06 11:45:52 INFO [11422] app.tabs.recipe.mesh_utils:230 - Mount 'circle_d240_h50' mesh -> /root/ws_moveit/install/spraycoater_bringup/share/spraycoater_bringup/resource/substrate_mounts/circle_d240_h50.stl
2025-12-06 11:45:52 DEBUG [11422] app.tabs.recipe.mesh_utils:241 - load_mount_mesh_from_key: path = /root/ws_moveit/install/spraycoater_bringup/share/spraycoater_bringup/resource/substrate_mounts/circle_d240_h50.stl
2025-12-06 11:45:52 DEBUG [11422] app.tabs.recipe.mesh_utils:198 - load_mesh: resolved path = /root/ws_moveit/install/spraycoater_bringup/share/spraycoater_bringup/resource/substrates/wafer_d100_h2.stl
2025-12-06 11:45:53 INFO [11422] app.tabs.recipe:112 - RecipeTab: MarkerArray mit 3 Markern an SprayPath gesendet (frame=scene, sides=top)
2025-12-06 11:45:53 INFO [11422] app.tabs.recipe:143 - initial preview ausgeführt
2025-12-06 11:53:23 INFO [20918] app.tabs.recipe.mesh_utils:230 - Mount 'circle_d240_h50' mesh -> /root/ws_moveit/install/spraycoater_bringup/share/spraycoater_bringup/resource/substrate_mounts/circle_d240_h50.stl
2025-12-06 11:53:23 DEBUG [20918] app.tabs.recipe.mesh_utils:241 - load_mount_mesh_from_key: path = /root/ws_moveit/install/spraycoater_bringup/share/spraycoater_bringup/resource/substrate_mounts/circle_d240_h50.stl
2025-12-06 11:53:23 DEBUG [20918] app.tabs.recipe.mesh_utils:198 - load_mesh: resolved path = /root/ws_moveit/install/spraycoater_bringup/share/spraycoater_bringup/resource/substrates/wafer_d100_h2.stl
2025-12-06 11:53:23 INFO [20918] app.tabs.recipe:112 - RecipeTab: MarkerArray mit 3 Markern an SprayPath gesendet (frame=scene, sides=top)
2025-12-06 11:53:23 INFO [20918] app.tabs.recipe:143 - initial preview ausgeführt
2025-12-06 11:59:38 INFO [27458] app.tabs.recipe.mesh_utils:230 - Mount 'circle_d240_h50' mesh -> /root/ws_moveit/install/spraycoater_bringup/share/spraycoater_bringup/resource/substrate_mounts/circle_d240_h50.stl
2025-12-06 11:59:38 DEBUG [27458] app.tabs.recipe.mesh_utils:241 - load_mount_mesh_from_key: path = /root/ws_moveit/install/spraycoater_bringup/share/spraycoater_bringup/resource/substrate_mounts/circle_d240_h50.stl
2025-12-06 11:59:38 DEBUG [27458] app.tabs.recipe.mesh_utils:198 - load_mesh: resolved path = /root/ws_moveit/install/spraycoater_bringup/share/spraycoater_bringup/resource/substrates/wafer_d100_h2.stl
2025-12-06 11:59:39 INFO [27458] app.tabs.recipe:112 - RecipeTab: MarkerArray mit 3 Markern an SprayPath gesendet (frame=scene, sides=top)
2025-12-06 11:59:39 INFO [27458] app.tabs.recipe:143 - initial preview ausgeführt
2025-12-06 12:04:04 INFO [31962] app.tabs.recipe.mesh_utils:230 - Mount 'circle_d240_h50' mesh -> /root/ws_moveit/install/spraycoater_bringup/share/spraycoater_bringup/resource/substrate_mounts/circle_d240_h50.stl
2025-12-06 12:04:04 DEBUG [31962] app.tabs.recipe.mesh_utils:241 - load_mount_mesh_from_key: path = /root/ws_moveit/install/spraycoater_bringup/share/spraycoater_bringup/resource/substrate_mounts/circle_d240_h50.stl
2025-12-06 12:04:04 DEBUG [31962] app.tabs.recipe.mesh_utils:198 - load_mesh: resolved path = /root/ws_moveit/install/spraycoater_bringup/share/spraycoater_bringup/resource/substrates/wafer_d100_h2.stl
2025-12-06 12:04:04 INFO [31962] app.tabs.recipe:112 - RecipeTab: MarkerArray mit 3 Markern an SprayPath gesendet (frame=scene, sides=top)
2025-12-06 12:04:04 INFO [31962] app.tabs.recipe:143 - initial preview ausgeführt
2025-12-06 12:11:35 INFO [37663] app.tabs.recipe.mesh_utils:230 - Mount 'circle_d240_h50' mesh -> /root/ws_moveit/install/spraycoater_bringup/share/spraycoater_bringup/resource/substrate_mounts/circle_d240_h50.stl
2025-12-06 12:11:35 DEBUG [37663] app.tabs.recipe.mesh_utils:241 - load_mount_mesh_from_key: path = /root/ws_moveit/install/spraycoater_bringup/share/spraycoater_bringup/resource/substrate_mounts/circle_d240_h50.stl
2025-12-06 12:11:35 DEBUG [37663] app.tabs.recipe.mesh_utils:198 - load_mesh: resolved path = /root/ws_moveit/install/spraycoater_bringup/share/spraycoater_bringup/resource/substrates/wafer_d100_h2.stl
2025-12-06 12:11:35 INFO [37663] app.tabs.recipe:112 - RecipeTab: MarkerArray mit 3 Markern an SprayPath gesendet (frame=scene, sides=top)
2025-12-06 12:11:35 INFO [37663] app.tabs.recipe:143 - initial preview ausgeführt
2025-12-06 12:31:54 INFO [58668] app.tabs.recipe.mesh_utils:230 - Mount 'circle_d240_h50' mesh -> /root/ws_moveit/install/spraycoater_bringup/share/spraycoater_bringup/resource/substrate_mounts/circle_d240_h50.stl
2025-12-06 12:31:54 DEBUG [58668] app.tabs.recipe.mesh_utils:241 - load_mount_mesh_from_key: path = /root/ws_moveit/install/spraycoater_bringup/share/spraycoater_bringup/resource/substrate_mounts/circle_d240_h50.stl
2025-12-06 12:31:54 DEBUG [58668] app.tabs.recipe.mesh_utils:198 - load_mesh: resolved path = /root/ws_moveit/install/spraycoater_bringup/share/spraycoater_bringup/resource/substrates/wafer_d100_h2.stl
2025-12-06 12:31:54 INFO [58668] app.tabs.recipe:112 - RecipeTab: MarkerArray mit 3 Markern an SprayPath gesendet (frame=scene, sides=top)
2025-12-06 12:31:54 INFO [58668] app.tabs.recipe:143 - initial preview ausgeführt
2025-12-06 12:39:40 INFO [64743] app.tabs.recipe.mesh_utils:230 - Mount 'circle_d240_h50' mesh -> /root/ws_moveit/install/spraycoater_bringup/share/spraycoater_bringup/resource/substrate_mounts/circle_d240_h50.stl
2025-12-06 12:39:40 DEBUG [64743] app.tabs.recipe.mesh_utils:241 - load_mount_mesh_from_key: path = /root/ws_moveit/install/spraycoater_bringup/share/spraycoater_bringup/resource/substrate_mounts/circle_d240_h50.stl
2025-12-06 12:39:40 DEBUG [64743] app.tabs.recipe.mesh_utils:198 - load_mesh: resolved path = /root/ws_moveit/install/spraycoater_bringup/share/spraycoater_bringup/resource/substrates/wafer_d100_h2.stl
2025-12-06 12:39:40 INFO [64743] app.tabs.recipe:112 - RecipeTab: MarkerArray mit 3 Markern an SprayPath gesendet (frame=scene, sides=top)
2025-12-06 12:39:40 INFO [64743] app.tabs.recipe:143 - initial preview ausgeführt
2025-12-06 12:53:53 INFO [78111] app.tabs.recipe.mesh_utils:230 - Mount 'circle_d240_h50' mesh -> /root/ws_moveit/install/spraycoater_bringup/share/spraycoater_bringup/resource/substrate_mounts/circle_d240_h50.stl
2025-12-06 12:53:53 DEBUG [78111] app.tabs.recipe.mesh_utils:241 - load_mount_mesh_from_key: path = /root/ws_moveit/install/spraycoater_bringup/share/spraycoater_bringup/resource/substrate_mounts/circle_d240_h50.stl
2025-12-06 12:53:53 DEBUG [78111] app.tabs.recipe.mesh_utils:198 - load_mesh: resolved path = /root/ws_moveit/install/spraycoater_bringup/share/spraycoater_bringup/resource/substrates/wafer_d100_h2.stl
2025-12-06 12:53:53 INFO [78111] app.tabs.recipe:112 - RecipeTab: MarkerArray mit 3 Markern an SprayPath gesendet (frame=scene, sides=top)
2025-12-06 12:53:53 INFO [78111] app.tabs.recipe:143 - initial preview ausgeführt
2025-12-06 12:54:57 INFO [79892] app.tabs.recipe.mesh_utils:230 - Mount 'circle_d240_h50' mesh -> /root/ws_moveit/install/spraycoater_bringup/share/spraycoater_bringup/resource/substrate_mounts/circle_d240_h50.stl
2025-12-06 12:54:57 DEBUG [79892] app.tabs.recipe.mesh_utils:241 - load_mount_mesh_from_key: path = /root/ws_moveit/install/spraycoater_bringup/share/spraycoater_bringup/resource/substrate_mounts/circle_d240_h50.stl
2025-12-06 12:54:57 DEBUG [79892] app.tabs.recipe.mesh_utils:198 - load_mesh: resolved path = /root/ws_moveit/install/spraycoater_bringup/share/spraycoater_bringup/resource/substrates/wafer_d100_h2.stl
2025-12-06 12:54:57 INFO [79892] app.tabs.recipe:112 - RecipeTab: MarkerArray mit 3 Markern an SprayPath gesendet (frame=scene, sides=top)
2025-12-06 12:54:57 INFO [79892] app.tabs.recipe:143 - initial preview ausgeführt
