2025-11-06 13:54:24 INFO [75926] ros.kill_all_ros:122 - [kill] psutil nicht verfügbar – fallback pkill wird verwendet.
2025-11-06 14:41:33 INFO [7321] ros.kill_all_ros:122 - [kill] psutil nicht verfügbar – fallback pkill wird verwendet.
2025-11-06 15:06:23 INFO [23383] ros.kill_all_ros:122 - [kill] psutil nicht verfügbar – fallback pkill wird verwendet.
2025-11-06 15:09:20 INFO [26728] ros.kill_all_ros:122 - [kill] psutil nicht verfügbar – fallback pkill wird verwendet.
2025-11-06 15:23:43 INFO [36058] ros.kill_all_ros:122 - [kill] psutil nicht verfügbar – fallback pkill wird verwendet.
2025-11-06 15:37:17 INFO [45201] ros.kill_all_ros:122 - [kill] psutil nicht verfügbar – fallback pkill wird verwendet.
2025-11-06 15:42:51 INFO [50179] ros.kill_all_ros:122 - [kill] psutil nicht verfügbar – fallback pkill wird verwendet.
2025-11-06 15:44:37 INFO [52087] ros.kill_all_ros:122 - [kill] psutil nicht verfügbar – fallback pkill wird verwendet.
2025-11-06 15:53:54 INFO [59417] ros.kill_all_ros:122 - [kill] psutil nicht verfügbar – fallback pkill wird verwendet.
2025-11-06 16:00:47 INFO [63923] ros.kill_all_ros:122 - [kill] psutil nicht verfügbar – fallback pkill wird verwendet.
2025-11-06 16:03:27 INFO [66491] ros.kill_all_ros:122 - [kill] psutil nicht verfügbar – fallback pkill wird verwendet.
2025-11-06 16:18:10 INFO [77348] ros.kill_all_ros:122 - [kill] psutil nicht verfügbar – fallback pkill wird verwendet.
2025-11-06 16:32:13 INFO [87260] ros.kill_all_ros:122 - [kill] psutil nicht verfügbar – fallback pkill wird verwendet.
2025-11-06 16:32:58 INFO [88432] ros.kill_all_ros:122 - [kill] psutil nicht verfügbar – fallback pkill wird verwendet.
2025-11-06 16:33:59 INFO [89638] ros.kill_all_ros:122 - [kill] psutil nicht verfügbar – fallback pkill wird verwendet.
2025-11-06 16:35:14 INFO [90693] ros.kill_all_ros:122 - [kill] psutil nicht verfügbar – fallback pkill wird verwendet.
2025-11-06 16:50:22 INFO [99108] ros.kill_all_ros:122 - [kill] psutil nicht verfügbar – fallback pkill wird verwendet.
2025-11-06 16:53:41 INFO [2484] ros.kill_all_ros:122 - [kill] psutil nicht verfügbar – fallback pkill wird verwendet.
2025-11-06 17:00:07 INFO [6331] ros.kill_all_ros:122 - [kill] psutil nicht verfügbar – fallback pkill wird verwendet.
2025-11-06 17:30:27 INFO [1874] ros.kill_all_ros:122 - [kill] psutil nicht verfügbar – fallback pkill wird verwendet.
2025-11-06 17:30:49 INFO [2723] ros.kill_all_ros:122 - [kill] psutil nicht verfügbar – fallback pkill wird verwendet.
2025-11-06 17:31:07 INFO [3488] ros.kill_all_ros:122 - [kill] psutil nicht verfügbar – fallback pkill wird verwendet.
2025-11-06 17:31:47 INFO [4638] ros.kill_all_ros:122 - [kill] psutil nicht verfügbar – fallback pkill wird verwendet.
2025-11-06 17:32:13 INFO [5533] ros.kill_all_ros:122 - [kill] psutil nicht verfügbar – fallback pkill wird verwendet.
2025-11-06 17:44:56 INFO [19364] ros.kill_all_ros:122 - [kill] psutil nicht verfügbar – fallback pkill wird verwendet.
2025-11-06 17:46:15 INFO [21060] ros.kill_all_ros:122 - [kill] psutil nicht verfügbar – fallback pkill wird verwendet.
2025-11-06 17:46:45 INFO [22008] ros.kill_all_ros:122 - [kill] psutil nicht verfügbar – fallback pkill wird verwendet.
2025-11-06 17:52:06 INFO [25686] ros.kill_all_ros:122 - [kill] psutil nicht verfügbar – fallback pkill wird verwendet.
2025-11-06 17:52:13 INFO [25686] ros.ui_bridge:73 - UIBridge connected (node=scene_bridge) – scene signals ready
2025-11-06 17:52:18 INFO [25686] ros:186 - UIBridge verbunden (node=scene_bridge).
2025-11-06 17:53:08 INFO [27199] ros.kill_all_ros:122 - [kill] psutil nicht verfügbar – fallback pkill wird verwendet.
2025-11-06 17:53:15 INFO [27199] ros.ui_bridge:73 - UIBridge connected (node=scene_bridge) – scene signals ready
2025-11-06 17:53:17 INFO [27199] ros:186 - UIBridge verbunden (node=scene_bridge).
2025-11-06 18:09:38 INFO [40328] ros.kill_all_ros:122 - [kill] psutil nicht verfügbar – fallback pkill wird verwendet.
2025-11-06 18:09:44 INFO [40328] ros.ui_bridge:73 - UIBridge connected (node=scene_bridge) – scene signals ready
2025-11-06 18:09:44 INFO [40328] ros:186 - UIBridge verbunden (node=scene_bridge).
2025-11-06 18:17:52 INFO [40328] ros.ui_bridge:76 - UIBridge disconnect()
2025-11-06 18:32:27 INFO [54822] ros.kill_all_ros:122 - [kill] psutil nicht verfügbar – fallback pkill wird verwendet.
2025-11-06 18:32:34 INFO [54822] ros.ui_bridge:73 - UIBridge connected (node=scene_bridge) – scene signals ready
2025-11-06 18:32:34 INFO [54822] ros:186 - UIBridge verbunden (node=scene_bridge).
2025-11-06 18:48:32 INFO [65388] ros.kill_all_ros:122 - [kill] psutil nicht verfügbar – fallback pkill wird verwendet.
2025-11-06 18:48:39 INFO [65388] ros.ui_bridge:147 - UIBridge connected (node=scene_bridge) – scene state ready
2025-11-06 18:48:39 INFO [65388] ros:186 - UIBridge verbunden (node=scene_bridge).
2025-11-06 18:52:15 INFO [69671] ros.kill_all_ros:122 - [kill] psutil nicht verfügbar – fallback pkill wird verwendet.
2025-11-06 18:52:18 INFO [69671] ros.ui_bridge:147 - UIBridge connected (node=scene_bridge) – scene state ready
2025-11-06 18:52:18 INFO [69671] ros:186 - UIBridge verbunden (node=scene_bridge).
2025-11-06 18:54:16 INFO [72094] ros.kill_all_ros:122 - [kill] psutil nicht verfügbar – fallback pkill wird verwendet.
2025-11-06 18:54:22 INFO [72094] ros.ui_bridge:147 - UIBridge connected (node=scene_bridge) – scene state ready
2025-11-06 18:54:22 INFO [72094] ros:186 - UIBridge verbunden (node=scene_bridge).
2025-11-06 18:56:27 INFO [74695] ros.kill_all_ros:122 - [kill] psutil nicht verfügbar – fallback pkill wird verwendet.
2025-11-06 18:56:32 INFO [74695] ros.ui_bridge:147 - UIBridge connected (node=scene_bridge) – scene state ready
2025-11-06 18:56:32 INFO [74695] ros:186 - UIBridge verbunden (node=scene_bridge).
2025-11-06 19:02:26 INFO [74695] ros.ui_bridge:150 - UIBridge disconnect()
2025-11-06 19:02:34 INFO [79575] ros.kill_all_ros:122 - [kill] psutil nicht verfügbar – fallback pkill wird verwendet.
2025-11-06 19:02:40 INFO [79575] ros.ui_bridge:147 - UIBridge connected (node=scene_bridge) – scene state ready
2025-11-06 19:02:40 INFO [79575] ros:186 - UIBridge verbunden (node=scene_bridge).
2025-11-06 19:17:31 INFO [89534] ros.kill_all_ros:122 - [kill] psutil nicht verfügbar – fallback pkill wird verwendet.
2025-11-06 19:17:37 INFO [89534] ros.ui_bridge:147 - UIBridge connected (node=scene_bridge) – scene state ready
2025-11-06 19:17:37 INFO [89534] ros:186 - UIBridge verbunden (node=scene_bridge).
2025-11-06 19:49:51 INFO [19193] ros.kill_all_ros:122 - [kill] psutil nicht verfügbar – fallback pkill wird verwendet.
2025-11-06 19:49:54 INFO [19193] ros.ui_bridge:147 - UIBridge connected (node=scene_bridge) – scene state ready
2025-11-06 19:49:54 INFO [19193] ros:186 - UIBridge verbunden (node=scene_bridge).
2025-11-06 19:59:14 INFO [25987] ros.kill_all_ros:122 - [kill] psutil nicht verfügbar – fallback pkill wird verwendet.
2025-11-06 19:59:17 INFO [25987] ros.ui_bridge:147 - UIBridge connected (node=scene_bridge) – scene state ready
2025-11-06 19:59:17 INFO [25987] ros:186 - UIBridge verbunden (node=scene_bridge).
2025-11-06 20:00:20 INFO [27323] ros.kill_all_ros:122 - [kill] psutil nicht verfügbar – fallback pkill wird verwendet.
2025-11-06 20:00:24 INFO [27323] ros.ui_bridge:147 - UIBridge connected (node=scene_bridge) – scene state ready
2025-11-06 20:00:24 INFO [27323] ros:186 - UIBridge verbunden (node=scene_bridge).
2025-11-06 20:02:40 INFO [29809] ros.kill_all_ros:122 - [kill] psutil nicht verfügbar – fallback pkill wird verwendet.
2025-11-06 20:02:43 INFO [29809] ros.ui_bridge:147 - UIBridge connected (node=scene_bridge) – scene state ready
2025-11-06 20:02:46 INFO [29809] ros:186 - UIBridge verbunden (node=scene_bridge).
2025-11-06 20:06:44 INFO [33022] ros.kill_all_ros:122 - [kill] psutil nicht verfügbar – fallback pkill wird verwendet.
2025-11-06 20:06:47 INFO [33022] ros.ui_bridge:147 - UIBridge connected (node=scene_bridge) – scene state ready
2025-11-06 20:06:50 INFO [33022] ros:186 - UIBridge verbunden (node=scene_bridge).
2025-11-06 20:07:53 INFO [34387] ros.kill_all_ros:122 - [kill] psutil nicht verfügbar – fallback pkill wird verwendet.
2025-11-06 20:07:57 INFO [34387] ros.ui_bridge:147 - UIBridge connected (node=scene_bridge) – scene state ready
2025-11-06 20:08:00 INFO [34387] ros:186 - UIBridge verbunden (node=scene_bridge).
2025-11-06 20:10:21 INFO [36918] ros.kill_all_ros:122 - [kill] psutil nicht verfügbar – fallback pkill wird verwendet.
2025-11-06 20:10:26 INFO [36918] ros.ui_bridge:147 - UIBridge connected (node=scene_bridge) – scene state ready
2025-11-06 20:10:35 INFO [36918] ros:186 - UIBridge verbunden (node=scene_bridge).
2025-11-06 20:13:26 INFO [40241] ros.kill_all_ros:122 - [kill] psutil nicht verfügbar – fallback pkill wird verwendet.
2025-11-06 20:13:31 INFO [40241] ros.ui_bridge:147 - UIBridge connected (node=scene_bridge) – scene state ready
2025-11-06 20:13:34 INFO [40241] ros:186 - UIBridge verbunden (node=scene_bridge).
2025-11-06 20:23:07 INFO [47522] ros.kill_all_ros:122 - [kill] psutil nicht verfügbar – fallback pkill wird verwendet.
2025-11-06 20:23:11 INFO [47522] ros.ui_bridge:147 - UIBridge connected (node=scene_bridge) – scene state ready
2025-11-06 20:23:11 INFO [47522] ros:186 - UIBridge verbunden (node=scene_bridge).
2025-11-06 20:48:28 INFO [62827] ros.kill_all_ros:122 - [kill] psutil nicht verfügbar – fallback pkill wird verwendet.
2025-11-06 20:48:32 INFO [62827] ros.ui_bridge:147 - UIBridge connected (node=scene_bridge) – scene state ready
2025-11-06 20:48:32 INFO [62827] ros:186 - UIBridge verbunden (node=scene_bridge).
2025-11-06 21:03:32 INFO [73505] ros.kill_all_ros:122 - [kill] psutil nicht verfügbar – fallback pkill wird verwendet.
2025-11-06 21:09:52 INFO [78354] ros.kill_all_ros:122 - [kill] psutil nicht verfügbar – fallback pkill wird verwendet.
2025-11-06 21:23:47 INFO [91669] ros.kill_all_ros:122 - [kill] psutil nicht verfügbar – fallback pkill wird verwendet.
2025-11-06 21:29:21 INFO [96576] ros.kill_all_ros:122 - [kill] psutil nicht verfügbar – fallback pkill wird verwendet.
2025-11-06 21:38:46 INFO [6540] ros.kill_all_ros:122 - [kill] psutil nicht verfügbar – fallback pkill wird verwendet.
2025-11-06 21:46:09 INFO [11882] ros.kill_all_ros:122 - [kill] psutil nicht verfügbar – fallback pkill wird verwendet.
2025-11-06 21:47:04 INFO [12971] ros.kill_all_ros:122 - [kill] psutil nicht verfügbar – fallback pkill wird verwendet.
2025-11-06 21:48:11 INFO [14467] ros.kill_all_ros:122 - [kill] psutil nicht verfügbar – fallback pkill wird verwendet.
2025-11-06 21:48:50 INFO [15449] ros.kill_all_ros:122 - [kill] psutil nicht verfügbar – fallback pkill wird verwendet.
2025-11-06 21:50:00 INFO [17106] ros.kill_all_ros:122 - [kill] psutil nicht verfügbar – fallback pkill wird verwendet.
2025-11-06 21:51:11 INFO [18931] ros.kill_all_ros:122 - [kill] psutil nicht verfügbar – fallback pkill wird verwendet.
2025-11-06 21:52:09 INFO [20384] ros.kill_all_ros:122 - [kill] psutil nicht verfügbar – fallback pkill wird verwendet.
2025-11-06 21:56:43 INFO [24738] ros.kill_all_ros:122 - [kill] psutil nicht verfügbar – fallback pkill wird verwendet.
2025-11-06 21:57:18 INFO [24738] ros.ui_bridge:219 - UIBridge connected (node=scene_bridge) – scene/poses/spraypath states ready
2025-11-06 21:57:18 INFO [24738] ros:186 - UIBridge verbunden (node=scene_bridge).
2025-11-06 22:09:24 INFO [5678] ros.kill_all_ros:122 - [kill] psutil nicht verfügbar – fallback pkill wird verwendet.
2025-11-06 22:09:27 INFO [5678] ros.ui_bridge:219 - UIBridge connected (node=scene_bridge) – scene/poses/spraypath states ready
2025-11-06 22:09:27 INFO [5678] ros:186 - UIBridge verbunden (node=scene_bridge).
2025-11-06 22:32:53 INFO [21635] ros.kill_all_ros:122 - [kill] psutil nicht verfügbar – fallback pkill wird verwendet.
2025-11-06 22:32:57 INFO [21635] ros.ui_bridge:219 - UIBridge connected (node=scene_bridge) – scene/poses/spraypath states ready
2025-11-06 22:32:57 INFO [21635] ros:186 - UIBridge verbunden (node=scene_bridge).
2025-11-06 22:34:35 INFO [23536] ros.kill_all_ros:122 - [kill] psutil nicht verfügbar – fallback pkill wird verwendet.
2025-11-06 22:34:38 INFO [23536] ros.ui_bridge:219 - UIBridge connected (node=scene_bridge) – scene/poses/spraypath states ready
2025-11-06 22:34:38 INFO [23536] ros:186 - UIBridge verbunden (node=scene_bridge).
2025-11-06 22:38:32 INFO [27128] ros.kill_all_ros:122 - [kill] psutil nicht verfügbar – fallback pkill wird verwendet.
2025-11-06 22:38:36 INFO [27128] ros.ui_bridge:219 - UIBridge connected (node=scene_bridge) – scene/poses/spraypath states ready
2025-11-06 22:38:36 INFO [27128] ros:186 - UIBridge verbunden (node=scene_bridge).
2025-11-06 22:45:57 INFO [33022] ros.kill_all_ros:122 - [kill] psutil nicht verfügbar – fallback pkill wird verwendet.
2025-11-06 22:46:01 INFO [33022] ros.ui_bridge:219 - UIBridge connected (node=scene_bridge) – scene/poses/spraypath states ready
2025-11-06 22:46:01 INFO [33022] ros:186 - UIBridge verbunden (node=scene_bridge).
2025-11-06 22:48:36 INFO [35571] ros.kill_all_ros:122 - [kill] psutil nicht verfügbar – fallback pkill wird verwendet.
2025-11-06 22:48:41 INFO [35571] ros.ui_bridge:219 - UIBridge connected (node=scene_bridge) – scene/poses/spraypath states ready
2025-11-06 22:48:41 INFO [35571] ros:186 - UIBridge verbunden (node=scene_bridge).
2025-11-06 22:49:49 INFO [37013] ros.kill_all_ros:122 - [kill] psutil nicht verfügbar – fallback pkill wird verwendet.
2025-11-06 22:49:54 INFO [37013] ros.ui_bridge:219 - UIBridge connected (node=scene_bridge) – scene/poses/spraypath states ready
2025-11-06 22:49:54 INFO [37013] ros:186 - UIBridge verbunden (node=scene_bridge).
2025-11-06 22:57:45 INFO [42706] ros.kill_all_ros:122 - [kill] psutil nicht verfügbar – fallback pkill wird verwendet.
2025-11-06 22:57:49 INFO [42706] ros.ui_bridge:219 - UIBridge connected (node=scene_bridge) – scene/poses/spraypath states ready
2025-11-06 22:57:49 INFO [42706] ros:186 - UIBridge verbunden (node=scene_bridge).
2025-11-06 23:00:19 INFO [45298] ros.kill_all_ros:122 - [kill] psutil nicht verfügbar – fallback pkill wird verwendet.
2025-11-06 23:00:26 INFO [45298] ros.ui_bridge:219 - UIBridge connected (node=scene_bridge) – scene/poses/spraypath states ready
2025-11-06 23:00:26 INFO [45298] ros:186 - UIBridge verbunden (node=scene_bridge).
2025-11-06 23:03:23 INFO [48142] ros.kill_all_ros:122 - [kill] psutil nicht verfügbar – fallback pkill wird verwendet.
2025-11-06 23:03:30 INFO [48142] ros.ui_bridge:219 - UIBridge connected (node=scene_bridge) – scene/poses/spraypath states ready
2025-11-06 23:03:30 INFO [48142] ros:186 - UIBridge verbunden (node=scene_bridge).
2025-11-06 23:04:33 INFO [49739] ros.kill_all_ros:122 - [kill] psutil nicht verfügbar – fallback pkill wird verwendet.
2025-11-06 23:04:42 INFO [49739] ros.ui_bridge:219 - UIBridge connected (node=scene_bridge) – scene/poses/spraypath states ready
2025-11-06 23:04:42 INFO [49739] ros:186 - UIBridge verbunden (node=scene_bridge).
2025-11-06 23:05:38 INFO [51073] ros.kill_all_ros:122 - [kill] psutil nicht verfügbar – fallback pkill wird verwendet.
2025-11-06 23:05:45 INFO [51073] ros.ui_bridge:219 - UIBridge connected (node=scene_bridge) – scene/poses/spraypath states ready
2025-11-06 23:05:45 INFO [51073] ros:186 - UIBridge verbunden (node=scene_bridge).
2025-11-06 23:13:34 INFO [57340] ros.kill_all_ros:122 - [kill] psutil nicht verfügbar – fallback pkill wird verwendet.
2025-11-06 23:13:41 INFO [57340] ros.ui_bridge:219 - UIBridge connected (node=scene_bridge) – scene/poses/spraypath states ready
2025-11-06 23:13:41 INFO [57340] ros:186 - UIBridge verbunden (node=scene_bridge).
2025-11-06 23:14:44 INFO [59119] ros.kill_all_ros:122 - [kill] psutil nicht verfügbar – fallback pkill wird verwendet.
2025-11-06 23:14:59 INFO [59119] ros.ui_bridge:219 - UIBridge connected (node=scene_bridge) – scene/poses/spraypath states ready
2025-11-06 23:14:59 INFO [59119] ros:186 - UIBridge verbunden (node=scene_bridge).
2025-11-06 23:19:24 INFO [63343] ros.kill_all_ros:122 - [kill] psutil nicht verfügbar – fallback pkill wird verwendet.
2025-11-06 23:19:35 INFO [63343] ros.ui_bridge:219 - UIBridge connected (node=scene_bridge) – scene/poses/spraypath states ready
2025-11-06 23:19:35 INFO [63343] ros:186 - UIBridge verbunden (node=scene_bridge).
2025-11-06 23:24:58 INFO [67421] ros.kill_all_ros:122 - [kill] psutil nicht verfügbar – fallback pkill wird verwendet.
2025-11-06 23:25:08 INFO [67421] ros.ui_bridge:219 - UIBridge connected (node=scene_bridge) – scene/poses/spraypath states ready
2025-11-06 23:25:08 INFO [67421] ros:186 - UIBridge verbunden (node=scene_bridge).
2025-11-06 23:26:33 INFO [69604] ros.kill_all_ros:122 - [kill] psutil nicht verfügbar – fallback pkill wird verwendet.
2025-11-06 23:26:36 INFO [69604] ros.ui_bridge:219 - UIBridge connected (node=scene_bridge) – scene/poses/spraypath states ready
2025-11-06 23:26:36 INFO [69604] ros:186 - UIBridge verbunden (node=scene_bridge).
2025-11-06 23:28:04 INFO [69604] ros.ui_bridge:259 - UIBridge disconnect()
2025-11-06 23:35:26 INFO [75627] ros.kill_all_ros:122 - [kill] psutil nicht verfügbar – fallback pkill wird verwendet.
2025-11-06 23:35:30 INFO [75627] ros.ui_bridge:219 - UIBridge connected (node=scene_bridge) – scene/poses/spraypath states ready
2025-11-06 23:35:30 INFO [75627] ros:186 - UIBridge verbunden (node=scene_bridge).
2025-11-07 00:28:15 INFO [18065] ros.kill_all_ros:122 - [kill] psutil nicht verfügbar – fallback pkill wird verwendet.
2025-11-07 00:28:18 INFO [18065] ros.ui_bridge:219 - UIBridge connected (node=scene_bridge) – scene/poses/spraypath states ready
2025-11-07 00:28:18 INFO [18065] ros:186 - UIBridge verbunden (node=scene_bridge).
2025-11-07 00:45:44 INFO [32386] ros.kill_all_ros:122 - [kill] psutil nicht verfügbar – fallback pkill wird verwendet.
2025-11-07 00:45:47 INFO [32386] ros.ui_bridge:219 - UIBridge connected (node=scene_bridge) – scene/poses/spraypath states ready
2025-11-07 00:45:47 INFO [32386] ros:186 - UIBridge verbunden (node=scene_bridge).
2025-11-07 00:46:18 INFO [32386] ros.ui_bridge:259 - UIBridge disconnect()
2025-11-07 00:46:32 INFO [33669] ros.kill_all_ros:122 - [kill] psutil nicht verfügbar – fallback pkill wird verwendet.
2025-11-07 00:46:36 INFO [33669] ros.ui_bridge:219 - UIBridge connected (node=scene_bridge) – scene/poses/spraypath states ready
2025-11-07 00:46:36 INFO [33669] ros:186 - UIBridge verbunden (node=scene_bridge).
2025-11-07 01:14:59 INFO [52154] ros.kill_all_ros:122 - [kill] psutil nicht verfügbar – fallback pkill wird verwendet.
2025-11-07 13:21:51 INFO [32428] ros.kill_all_ros:122 - [kill] psutil nicht verfügbar – fallback pkill wird verwendet.
2025-11-07 13:21:54 INFO [32428] ros.ui_bridge:219 - UIBridge connected (node=scene_bridge) – scene/poses/spraypath states ready
2025-11-07 13:21:54 INFO [32428] ros:186 - UIBridge verbunden (node=scene_bridge).
2025-11-07 15:06:55 INFO [98551] ros.kill_all_ros:122 - [kill] psutil nicht verfügbar – fallback pkill wird verwendet.
2025-11-07 15:06:59 INFO [98551] ros.ui_bridge:219 - UIBridge connected (node=scene_bridge) – scene/poses/spraypath states ready
2025-11-07 15:06:59 INFO [98551] ros:186 - UIBridge verbunden (node=scene_bridge).
2025-11-07 15:07:55 INFO [99655] ros.kill_all_ros:122 - [kill] psutil nicht verfügbar – fallback pkill wird verwendet.
2025-11-07 15:07:58 INFO [99655] ros.ui_bridge:219 - UIBridge connected (node=scene_bridge) – scene/poses/spraypath states ready
2025-11-07 15:07:58 INFO [99655] ros:186 - UIBridge verbunden (node=scene_bridge).
2025-11-07 15:11:29 INFO [2363] ros.kill_all_ros:122 - [kill] psutil nicht verfügbar – fallback pkill wird verwendet.
2025-11-07 15:11:32 INFO [2363] ros.ui_bridge:219 - UIBridge connected (node=scene_bridge) – scene/poses/spraypath states ready
2025-11-07 15:11:32 INFO [2363] ros:186 - UIBridge verbunden (node=scene_bridge).
2025-11-07 15:15:12 INFO [5846] ros.kill_all_ros:122 - [kill] psutil nicht verfügbar – fallback pkill wird verwendet.
2025-11-07 15:15:15 INFO [5846] ros.ui_bridge:219 - UIBridge connected (node=scene_bridge) – scene/poses/spraypath states ready
2025-11-07 15:15:15 INFO [5846] ros:186 - UIBridge verbunden (node=scene_bridge).
2025-11-07 15:15:34 INFO [6538] ros.kill_all_ros:122 - [kill] psutil nicht verfügbar – fallback pkill wird verwendet.
2025-11-07 15:15:37 INFO [6538] ros.ui_bridge:219 - UIBridge connected (node=scene_bridge) – scene/poses/spraypath states ready
2025-11-07 15:15:37 INFO [6538] ros:186 - UIBridge verbunden (node=scene_bridge).
2025-11-07 15:19:38 INFO [10210] ros.kill_all_ros:122 - [kill] psutil nicht verfügbar – fallback pkill wird verwendet.
2025-11-07 15:19:45 INFO [10210] ros.ui_bridge:219 - UIBridge connected (node=scene_bridge) – scene/poses/spraypath states ready
2025-11-07 15:19:45 INFO [10210] ros:186 - UIBridge verbunden (node=scene_bridge).
2025-11-07 15:20:18 INFO [11188] ros.kill_all_ros:122 - [kill] psutil nicht verfügbar – fallback pkill wird verwendet.
2025-11-07 15:20:25 INFO [11188] ros.ui_bridge:219 - UIBridge connected (node=scene_bridge) – scene/poses/spraypath states ready
2025-11-07 15:20:25 INFO [11188] ros:186 - UIBridge verbunden (node=scene_bridge).
2025-11-07 15:28:50 INFO [16824] ros.kill_all_ros:122 - [kill] psutil nicht verfügbar – fallback pkill wird verwendet.
2025-11-07 15:28:52 INFO [16824] ros.ui_bridge:219 - UIBridge connected (node=scene_bridge) – scene/poses/spraypath states ready
2025-11-07 15:28:52 INFO [16824] ros:186 - UIBridge verbunden (node=scene_bridge).
2025-11-07 15:29:43 INFO [18048] ros.kill_all_ros:122 - [kill] psutil nicht verfügbar – fallback pkill wird verwendet.
2025-11-07 15:29:46 INFO [18048] ros.ui_bridge:219 - UIBridge connected (node=scene_bridge) – scene/poses/spraypath states ready
2025-11-07 15:29:46 INFO [18048] ros:186 - UIBridge verbunden (node=scene_bridge).
2025-11-07 15:30:08 INFO [18835] ros.kill_all_ros:89 - [kill] stopping 4 ROS-related processes…
2025-11-07 15:30:08 DEBUG [18835] ros.kill_all_ros:91 -  -> TERM pid=10457 name=ros2 cmd=/usr/bin/python3 /opt/ros/rolling/bin/ros2 topic echo /spraycoater/poses/home
2025-11-07 15:30:08 DEBUG [18835] ros.kill_all_ros:91 -  -> TERM pid=10518 name=ros2 cmd=/usr/bin/python3 /opt/ros/rolling/bin/ros2 topic echo /spraycoater/poses/service
2025-11-07 15:30:08 DEBUG [18835] ros.kill_all_ros:91 -  -> TERM pid=10599 name=ros2 cmd=/usr/bin/python3 /opt/ros/rolling/bin/ros2 topic echo /spraycoater/poses/set_home
2025-11-07 15:30:08 DEBUG [18835] ros.kill_all_ros:91 -  -> TERM pid=10633 name=ros2 cmd=/usr/bin/python3 /opt/ros/rolling/bin/ros2 topic echo /spraycoater/scene/cage/current
2025-11-07 15:30:10 DEBUG [18835] ros.kill_all_ros:112 -  -> KILL pid=10457
2025-11-07 15:30:10 DEBUG [18835] ros.kill_all_ros:112 -  -> KILL pid=10518
2025-11-07 15:30:10 DEBUG [18835] ros.kill_all_ros:112 -  -> KILL pid=10599
2025-11-07 15:30:10 DEBUG [18835] ros.kill_all_ros:112 -  -> KILL pid=10633
2025-11-07 15:30:12 INFO [18835] ros.ui_bridge:219 - UIBridge connected (node=scene_bridge) – scene/poses/spraypath states ready
2025-11-07 15:30:12 INFO [18835] ros:186 - UIBridge verbunden (node=scene_bridge).
2025-11-07 15:37:50 INFO [24431] ros.kill_all_ros:86 - [kill] nothing to stop.
2025-11-07 15:37:51 INFO [24431] ros.ui_bridge:219 - UIBridge connected (node=scene_bridge) – scene/poses/spraypath states ready
2025-11-07 15:37:51 INFO [24431] ros:186 - UIBridge verbunden (node=scene_bridge).
2025-11-08 14:18:20 INFO [76139] ros.kill_all_ros:86 - [kill] nothing to stop.
2025-11-08 14:18:21 INFO [76139] ros.ui_bridge:219 - UIBridge connected (node=scene_bridge) – scene/poses/spraypath states ready
2025-11-08 14:18:21 INFO [76139] ros:186 - UIBridge verbunden (node=scene_bridge).
2025-11-08 14:20:47 INFO [78585] ros.kill_all_ros:89 - [kill] stopping 2 ROS-related processes…
2025-11-08 14:20:47 DEBUG [78585] ros.kill_all_ros:91 -  -> TERM pid=76250 name=ros2 cmd=/usr/bin/python3 /opt/ros/rolling/bin/ros2 launch spraycoater_bringup bringup.launch.py sim:=true
2025-11-08 14:20:47 DEBUG [78585] ros.kill_all_ros:91 -  -> TERM pid=76268 name=rviz2 cmd=/opt/ros/rolling/lib/rviz2/rviz2 -d /root/ws_moveit/install/omron_moveit_config/share/omron_moveit_config/config/moveit.rviz --ros-args --params-file /tmp/launch_params_n_qpher8 --params-file /tmp/launch_params_vzp1k0wt --params-file /tmp/launch_params_ur_f3fzc
2025-11-08 14:20:49 INFO [78585] ros.ui_bridge:219 - UIBridge connected (node=scene_bridge) – scene/poses/spraypath states ready
2025-11-08 14:20:49 INFO [78585] ros:186 - UIBridge verbunden (node=scene_bridge).
2025-11-08 14:21:26 INFO [79547] ros.kill_all_ros:89 - [kill] stopping 2 ROS-related processes…
2025-11-08 14:21:26 DEBUG [79547] ros.kill_all_ros:91 -  -> TERM pid=78713 name=ros2 cmd=/usr/bin/python3 /opt/ros/rolling/bin/ros2 launch spraycoater_bringup bringup.launch.py sim:=true
2025-11-08 14:21:26 DEBUG [79547] ros.kill_all_ros:91 -  -> TERM pid=78734 name=rviz2 cmd=/opt/ros/rolling/lib/rviz2/rviz2 -d /root/ws_moveit/install/omron_moveit_config/share/omron_moveit_config/config/moveit.rviz --ros-args --params-file /tmp/launch_params_1pzgf3q7 --params-file /tmp/launch_params_50mg5yzq --params-file /tmp/launch_params_s9i1fmtg
2025-11-08 14:21:27 INFO [79547] ros.ui_bridge:219 - UIBridge connected (node=scene_bridge) – scene/poses/spraypath states ready
2025-11-08 14:21:27 INFO [79547] ros:186 - UIBridge verbunden (node=scene_bridge).
2025-11-08 14:33:48 INFO [90053] ros.kill_all_ros:89 - [kill] stopping 2 ROS-related processes…
2025-11-08 14:33:48 DEBUG [90053] ros.kill_all_ros:91 -  -> TERM pid=79675 name=ros2 cmd=/usr/bin/python3 /opt/ros/rolling/bin/ros2 launch spraycoater_bringup bringup.launch.py sim:=true
2025-11-08 14:33:48 DEBUG [90053] ros.kill_all_ros:91 -  -> TERM pid=79690 name=rviz2 cmd=/opt/ros/rolling/lib/rviz2/rviz2 -d /root/ws_moveit/install/omron_moveit_config/share/omron_moveit_config/config/moveit.rviz --ros-args --params-file /tmp/launch_params_eqi91pxl --params-file /tmp/launch_params_m07qbljl --params-file /tmp/launch_params_98dsv6g2
2025-11-08 14:33:51 INFO [90053] ros.ui_bridge:219 - UIBridge connected (node=scene_bridge) – scene/poses/spraypath states ready
2025-11-08 14:33:51 INFO [90053] ros:186 - UIBridge verbunden (node=scene_bridge).
2025-11-08 14:42:46 INFO [96825] ros.kill_all_ros:89 - [kill] stopping 2 ROS-related processes…
2025-11-08 14:42:46 DEBUG [96825] ros.kill_all_ros:91 -  -> TERM pid=90134 name=ros2 cmd=/usr/bin/python3 /opt/ros/rolling/bin/ros2 launch spraycoater_bringup bringup.launch.py sim:=true
2025-11-08 14:42:46 DEBUG [96825] ros.kill_all_ros:91 -  -> TERM pid=90164 name=rviz2 cmd=/opt/ros/rolling/lib/rviz2/rviz2 -d /root/ws_moveit/install/omron_moveit_config/share/omron_moveit_config/config/moveit.rviz --ros-args --params-file /tmp/launch_params_qxt16dyw --params-file /tmp/launch_params_tvynv6qr --params-file /tmp/launch_params_xwm1deq1
2025-11-08 14:42:51 INFO [96825] ros.ui_bridge:219 - UIBridge connected (node=scene_bridge) – scene/poses/spraypath states ready
2025-11-08 14:42:51 INFO [96825] ros:186 - UIBridge verbunden (node=scene_bridge).
2025-11-08 14:53:15 INFO [96825] ros.ui_bridge:259 - UIBridge disconnect()
2025-11-08 14:53:39 INFO [5221] ros.kill_all_ros:86 - [kill] nothing to stop.
2025-11-08 14:53:41 INFO [5221] ros.ui_bridge:219 - UIBridge connected (node=scene_bridge) – scene/poses/spraypath states ready
2025-11-08 14:53:41 INFO [5221] ros:186 - UIBridge verbunden (node=scene_bridge).
2025-11-08 14:54:12 INFO [5221] ros.ui_bridge:259 - UIBridge disconnect()
2025-11-08 14:54:23 INFO [6075] ros.kill_all_ros:86 - [kill] nothing to stop.
2025-11-08 14:54:24 INFO [6075] ros.ui_bridge:219 - UIBridge connected (node=scene_bridge) – scene/poses/spraypath states ready
2025-11-08 14:54:24 INFO [6075] ros:186 - UIBridge verbunden (node=scene_bridge).
2025-11-08 15:04:03 INFO [6075] ros.ui_bridge:259 - UIBridge disconnect()
2025-11-08 15:04:47 INFO [12704] ros.kill_all_ros:86 - [kill] nothing to stop.
2025-11-08 15:04:48 INFO [12704] ros.ui_bridge:219 - UIBridge connected (node=scene_bridge) – scene/poses/spraypath states ready
2025-11-08 15:04:48 INFO [12704] ros:186 - UIBridge verbunden (node=scene_bridge).
2025-11-08 15:05:13 INFO [12704] ros.ui_bridge:259 - UIBridge disconnect()
2025-11-08 15:06:31 INFO [14409] ros.kill_all_ros:86 - [kill] nothing to stop.
2025-11-08 15:06:32 INFO [14409] ros.ui_bridge:219 - UIBridge connected (node=scene_bridge) – scene/poses/spraypath states ready
2025-11-08 15:06:32 INFO [14409] ros:186 - UIBridge verbunden (node=scene_bridge).
2025-11-08 15:11:15 INFO [14409] ros.ui_bridge:259 - UIBridge disconnect()
2025-11-08 15:19:40 INFO [22428] ros.kill_all_ros:86 - [kill] nothing to stop.
2025-11-08 15:19:42 INFO [22428] ros.ui_bridge:219 - UIBridge connected (node=scene_bridge) – scene/poses/spraypath states ready
2025-11-08 15:19:42 INFO [22428] ros:186 - UIBridge verbunden (node=scene_bridge).
2025-11-08 15:20:45 INFO [23675] ros.kill_all_ros:89 - [kill] stopping 2 ROS-related processes…
2025-11-08 15:20:45 DEBUG [23675] ros.kill_all_ros:91 -  -> TERM pid=22503 name=ros2 cmd=/usr/bin/python3 /opt/ros/rolling/bin/ros2 launch spraycoater_bringup bringup.launch.py sim:=true
2025-11-08 15:20:45 DEBUG [23675] ros.kill_all_ros:91 -  -> TERM pid=22517 name=rviz2 cmd=/opt/ros/rolling/lib/rviz2/rviz2 -d /root/ws_moveit/install/omron_moveit_config/share/omron_moveit_config/config/moveit.rviz --ros-args --params-file /tmp/launch_params_q0pv2k99 --params-file /tmp/launch_params_4xy7tp1o --params-file /tmp/launch_params_4g8xm5a4
2025-11-08 15:20:47 DEBUG [23675] ros.kill_all_ros:112 -  -> KILL pid=22503
2025-11-08 15:20:49 INFO [23675] ros.ui_bridge:219 - UIBridge connected (node=scene_bridge) – scene/poses/spraypath states ready
2025-11-08 15:20:49 INFO [23675] ros:186 - UIBridge verbunden (node=scene_bridge).
2025-11-08 15:21:12 INFO [24525] ros.kill_all_ros:89 - [kill] stopping 2 ROS-related processes…
2025-11-08 15:21:12 DEBUG [24525] ros.kill_all_ros:91 -  -> TERM pid=23832 name=ros2 cmd=/usr/bin/python3 /opt/ros/rolling/bin/ros2 launch spraycoater_bringup bringup.launch.py sim:=true
2025-11-08 15:21:12 DEBUG [24525] ros.kill_all_ros:91 -  -> TERM pid=23850 name=rviz2 cmd=/opt/ros/rolling/lib/rviz2/rviz2 -d /root/ws_moveit/install/omron_moveit_config/share/omron_moveit_config/config/moveit.rviz --ros-args --params-file /tmp/launch_params_eazzg7fv --params-file /tmp/launch_params_w6w41b1y --params-file /tmp/launch_params_xwdyayyp
2025-11-08 15:21:14 DEBUG [24525] ros.kill_all_ros:112 -  -> KILL pid=23832
2025-11-08 15:21:17 INFO [24525] ros.ui_bridge:219 - UIBridge connected (node=scene_bridge) – scene/poses/spraypath states ready
2025-11-08 15:21:17 INFO [24525] ros:186 - UIBridge verbunden (node=scene_bridge).
2025-11-08 15:23:04 INFO [26674] ros.kill_all_ros:89 - [kill] stopping 2 ROS-related processes…
2025-11-08 15:23:04 DEBUG [26674] ros.kill_all_ros:91 -  -> TERM pid=24689 name=ros2 cmd=/usr/bin/python3 /opt/ros/rolling/bin/ros2 launch spraycoater_bringup bringup.launch.py sim:=true
2025-11-08 15:23:04 DEBUG [26674] ros.kill_all_ros:91 -  -> TERM pid=24703 name=rviz2 cmd=/opt/ros/rolling/lib/rviz2/rviz2 -d /root/ws_moveit/install/omron_moveit_config/share/omron_moveit_config/config/moveit.rviz --ros-args --params-file /tmp/launch_params_8u95mo56 --params-file /tmp/launch_params_yegeli8d --params-file /tmp/launch_params_fvipq159
2025-11-08 15:23:07 INFO [26674] ros.ui_bridge:219 - UIBridge connected (node=scene_bridge) – scene/poses/spraypath states ready
2025-11-08 15:23:07 INFO [26674] ros:186 - UIBridge verbunden (node=scene_bridge).
2025-11-15 19:10:07 INFO [224578] ros.kill_all_ros:89 - [kill] stopping 2 ROS-related processes…
2025-11-15 19:10:07 DEBUG [224578] ros.kill_all_ros:91 -  -> TERM pid=136107 name=rviz2 cmd=/opt/ros/rolling/lib/rviz2/rviz2 -d /root/ws_moveit/install/omron_moveit_config/share/omron_moveit_config/config/moveit.rviz --ros-args -r __node:=rviz2 --params-file /tmp/launch_params_dmk7db0m --params-file /tmp/launch_params_3tdzuhd5
2025-11-15 19:10:07 DEBUG [224578] ros.kill_all_ros:91 -  -> TERM pid=137117 name=ros2 cmd=/usr/bin/python3 /opt/ros/rolling/bin/ros2 topic echo /joint_states
2025-11-15 19:10:09 DEBUG [224578] ros.kill_all_ros:112 -  -> KILL pid=137117
2025-11-15 19:10:10 INFO [224578] ros.ui_bridge:224 - UIBridge connected (node=scene_bridge) – scene/poses/spraypath/servo states ready
2025-11-15 19:10:10 INFO [224578] ros:186 - UIBridge verbunden (node=scene_bridge).
2025-11-15 19:14:37 INFO [227613] ros.kill_all_ros:86 - [kill] nothing to stop.
2025-11-15 19:14:38 INFO [227613] ros.ui_bridge:224 - UIBridge connected (node=scene_bridge) – scene/poses/spraypath/servo states ready
2025-11-15 19:14:38 INFO [227613] ros:186 - UIBridge verbunden (node=scene_bridge).
2025-11-15 19:15:24 INFO [229115] ros.kill_all_ros:86 - [kill] nothing to stop.
2025-11-15 19:15:25 INFO [229115] ros.ui_bridge:224 - UIBridge connected (node=scene_bridge) – scene/poses/spraypath/servo states ready
2025-11-15 19:15:25 INFO [229115] ros:186 - UIBridge verbunden (node=scene_bridge).
2025-11-15 19:18:17 INFO [231381] ros.kill_all_ros:86 - [kill] nothing to stop.
2025-11-15 19:18:18 INFO [231381] ros.ui_bridge:224 - UIBridge connected (node=scene_bridge) – scene/poses/spraypath/servo states ready
2025-11-15 19:18:18 INFO [231381] ros:186 - UIBridge verbunden (node=scene_bridge).
2025-11-15 19:18:46 INFO [232492] ros.kill_all_ros:86 - [kill] nothing to stop.
2025-11-15 19:18:47 INFO [232492] ros.ui_bridge:224 - UIBridge connected (node=scene_bridge) – scene/poses/spraypath/servo states ready
2025-11-15 19:18:47 INFO [232492] ros:186 - UIBridge verbunden (node=scene_bridge).
2025-11-15 19:19:11 INFO [233046] ros.kill_all_ros:86 - [kill] nothing to stop.
2025-11-15 19:19:12 INFO [233046] ros.ui_bridge:224 - UIBridge connected (node=scene_bridge) – scene/poses/spraypath/servo states ready
2025-11-15 19:19:12 INFO [233046] ros:186 - UIBridge verbunden (node=scene_bridge).
