2025-12-08 19:56:28 INFO [1440786] ros.launch:105 - [omron_tcp_bridge-3] [INFO] [1765223788.401129818] [omron_tcp_bridge]: ⬅️ RECV (poll): ACK MOVEJ
2025-12-08 19:56:28 INFO [1440786] ros.launch:105 - [omron_tcp_bridge-3] [INFO] [1765223788.514965468] [omron_tcp_bridge]: ⬅️ RECV (poll): NDONE
2025-12-08 19:56:28 INFO [1440786] ros.launch:105 - [omron_tcp_bridge-3] [INFO] [1765223788.531562819] [omron_tcp_bridge]: ⬅️ RECV (poll): JOINTS  9.997296  9.997296  9.997296  9.997296  9.997296  9.997296
2025-12-08 19:56:29 INFO [1440786] ros.launch:105 - [omron_tcp_bridge-3] [INFO] [1765223789.941385028] [omron_tcp_bridge]: ⬅️ RECV (poll): JOINTS  0  0  0  1.866752E-03  0  -1.866752E-03
2025-12-08 19:56:29 INFO [1440786] ros.launch:105 - [omron_tcp_bridge-3] [INFO] [1765223789.975760383] [omron_tcp_bridge]: ⬅️ RECV (poll): JOINTS  0  0  0  0  0  0
2025-12-08 19:56:51 INFO [1440786] ros.launch:105 - [rviz2-5] [INFO] [1765223811.103780564] [rviz2.moveit.ros.motion_planning_frame]: MoveGroup namespace changed: / -> . Reloading params.
2025-12-08 19:56:51 INFO [1440786] ros.launch:105 - [rviz2-5] [INFO] [1765223811.827554043] [rviz2.moveit.ros.planning_scene_monitor]: Stopped publishing maintained planning scene.
2025-12-08 19:56:51 INFO [1440786] ros.launch:105 - [rviz2-5] [INFO] [1765223811.827625540] [rviz2.moveit.ros.planning_scene_monitor]: Stopping planning scene monitor
2025-12-08 19:56:51 INFO [1440786] ros.launch:105 - [rviz2-5] [INFO] [1765223811.849400422] [rviz2.moveit.ros.rdf_loader]: Loaded robot model in 0.00278758 seconds
2025-12-08 19:56:51 INFO [1440786] ros.launch:105 - [rviz2-5] [INFO] [1765223811.849478177] [rviz2.moveit.core.robot_model]: Loading robot model 'omron_viper_s650'...
2025-12-08 19:56:51 INFO [1440786] ros.launch:105 - [rviz2-5] [WARN] [1765223811.919702389] [interactive_marker_display_94788354810608]: Server not available while running, resetting
2025-12-08 19:56:52 INFO [1440786] ros.launch:105 - [rviz2-5] [INFO] [1765223812.004730340] [trac_ik_kinematics_plugin.trac_ik_kinematics_plugin]: IK Using joint Adept_Viper_s650_Link2 -2.96706 2.96706
2025-12-08 19:56:52 INFO [1440786] ros.launch:105 - [rviz2-5] [INFO] [1765223812.004798350] [trac_ik_kinematics_plugin.trac_ik_kinematics_plugin]: IK Using joint Adept_Viper_s650_Link3 -3.31613 0.7854
2025-12-08 19:56:52 INFO [1440786] ros.launch:105 - [rviz2-5] [INFO] [1765223812.004803479] [trac_ik_kinematics_plugin.trac_ik_kinematics_plugin]: IK Using joint Adept_Viper_s650_Link4 -0.50615 4.46805
2025-12-08 19:56:52 INFO [1440786] ros.launch:105 - [rviz2-5] [INFO] [1765223812.004806454] [trac_ik_kinematics_plugin.trac_ik_kinematics_plugin]: IK Using joint Adept_Viper_s650_Link5 -3.31613 3.31613
2025-12-08 19:56:52 INFO [1440786] ros.launch:105 - [rviz2-5] [INFO] [1765223812.004809634] [trac_ik_kinematics_plugin.trac_ik_kinematics_plugin]: IK Using joint Adept_Viper_s650_Link6 -2.0944 2.0944
2025-12-08 19:56:52 INFO [1440786] ros.launch:105 - [rviz2-5] [INFO] [1765223812.004812096] [trac_ik_kinematics_plugin.trac_ik_kinematics_plugin]: IK Using joint Adept_Viper_650_Interface_Plate -3.14159 3.14159
2025-12-08 19:56:52 INFO [1440786] ros.launch:105 - [rviz2-5] [INFO] [1765223812.004814660] [trac_ik_kinematics_plugin.trac_ik_kinematics_plugin]: Using solve type Distance
2025-12-08 19:56:52 INFO [1440786] ros.launch:105 - [rviz2-5] [INFO] [1765223812.473700620] [rviz2.moveit.ros.planning_scene_monitor]: Publishing maintained planning scene on 'monitored_planning_scene'
2025-12-08 19:56:52 INFO [1440786] ros.launch:105 - [rviz2-5] [INFO] [1765223812.474836576] [rviz2.moveit.ros.planning_scene_monitor]: Starting planning scene monitor
2025-12-08 19:56:52 INFO [1440786] ros.launch:105 - [rviz2-5] [INFO] [1765223812.476388796] [rviz2.moveit.ros.planning_scene_monitor]: Listening to '/monitored_planning_scene'
2025-12-08 19:56:52 INFO [1440786] ros.launch:105 - [rviz2-5] [INFO] [1765223812.590169131] [rviz2.moveit.ros.motion_planning_frame]: group omron_arm_group
2025-12-08 19:56:52 INFO [1440786] ros.launch:105 - [rviz2-5] [INFO] [1765223812.590228730] [rviz2.moveit.ros.motion_planning_frame]: Constructing new MoveGroup connection for group 'omron_arm_group' in namespace ''
2025-12-08 19:56:52 INFO [1440786] ros.launch:105 - [rviz2-5] [INFO] [1765223812.633707509] [rviz2.moveit.ros.move_group_interface]: Ready to take commands for planning group omron_arm_group.
2025-12-08 19:56:52 INFO [1440786] ros.launch:105 - [rviz2-5] [INFO] [1765223812.706058381] [interactive_marker_display_94788354810608]: Sending request for interactive markers
2025-12-08 19:56:52 INFO [1440786] ros.launch:105 - [rviz2-5] [INFO] [1765223812.825112387] [interactive_marker_display_94788354810608]: Service response received for initialization
2025-12-08 19:57:20 INFO [1440786] ros.launch:105 - [rviz2-5] [INFO] [1765223840.298186186] [rviz2.moveit.ros.motion_planning_frame]: MoveGroup namespace changed: / -> . Reloading params.
2025-12-08 19:57:21 INFO [1440786] ros.launch:105 - [rviz2-5] [INFO] [1765223841.003851737] [rviz2.moveit.ros.planning_scene_monitor]: Stopped publishing maintained planning scene.
2025-12-08 19:57:21 INFO [1440786] ros.launch:105 - [rviz2-5] [INFO] [1765223841.003960306] [rviz2.moveit.ros.planning_scene_monitor]: Stopping planning scene monitor
2025-12-08 19:57:21 INFO [1440786] ros.launch:105 - [rviz2-5] [INFO] [1765223841.035226132] [rviz2.moveit.ros.rdf_loader]: Loaded robot model in 0.00430357 seconds
2025-12-08 19:57:21 INFO [1440786] ros.launch:105 - [rviz2-5] [INFO] [1765223841.035316640] [rviz2.moveit.core.robot_model]: Loading robot model 'omron_viper_s650'...
2025-12-08 19:57:21 INFO [1440786] ros.launch:105 - [rviz2-5] [WARN] [1765223841.090754545] [interactive_marker_display_94788354810608]: Server not available while running, resetting
2025-12-08 19:57:21 INFO [1440786] ros.launch:105 - [rviz2-5] [INFO] [1765223841.201157391] [trac_ik_kinematics_plugin.trac_ik_kinematics_plugin]: IK Using joint Adept_Viper_s650_Link2 -2.96706 2.96706
2025-12-08 19:57:21 INFO [1440786] ros.launch:105 - [rviz2-5] [INFO] [1765223841.201219885] [trac_ik_kinematics_plugin.trac_ik_kinematics_plugin]: IK Using joint Adept_Viper_s650_Link3 -3.31613 0.7854
2025-12-08 19:57:21 INFO [1440786] ros.launch:105 - [rviz2-5] [INFO] [1765223841.201226555] [trac_ik_kinematics_plugin.trac_ik_kinematics_plugin]: IK Using joint Adept_Viper_s650_Link4 -0.50615 4.46805
2025-12-08 19:57:21 INFO [1440786] ros.launch:105 - [rviz2-5] [INFO] [1765223841.201231173] [trac_ik_kinematics_plugin.trac_ik_kinematics_plugin]: IK Using joint Adept_Viper_s650_Link5 -3.31613 3.31613
2025-12-08 19:57:21 INFO [1440786] ros.launch:105 - [rviz2-5] [INFO] [1765223841.201235996] [trac_ik_kinematics_plugin.trac_ik_kinematics_plugin]: IK Using joint Adept_Viper_s650_Link6 -2.0944 2.0944
2025-12-08 19:57:21 INFO [1440786] ros.launch:105 - [rviz2-5] [INFO] [1765223841.201240306] [trac_ik_kinematics_plugin.trac_ik_kinematics_plugin]: IK Using joint Adept_Viper_650_Interface_Plate -3.14159 3.14159
2025-12-08 19:57:21 INFO [1440786] ros.launch:105 - [rviz2-5] [INFO] [1765223841.201244308] [trac_ik_kinematics_plugin.trac_ik_kinematics_plugin]: Using solve type Distance
2025-12-08 19:57:21 INFO [1440786] ros.launch:105 - [rviz2-5] [INFO] [1765223841.719272010] [rviz2.moveit.ros.planning_scene_monitor]: Publishing maintained planning scene on 'monitored_planning_scene'
2025-12-08 19:57:21 INFO [1440786] ros.launch:105 - [rviz2-5] [INFO] [1765223841.773240636] [rviz2.moveit.ros.planning_scene_monitor]: Starting planning scene monitor
2025-12-08 19:57:21 INFO [1440786] ros.launch:105 - [rviz2-5] [INFO] [1765223841.775005145] [rviz2.moveit.ros.planning_scene_monitor]: Listening to '/monitored_planning_scene'
2025-12-08 19:57:21 INFO [1440786] ros.launch:105 - [rviz2-5] [INFO] [1765223841.892541861] [rviz2.moveit.ros.motion_planning_frame]: group omron_arm_group
2025-12-08 19:57:21 INFO [1440786] ros.launch:105 - [rviz2-5] [INFO] [1765223841.892595837] [rviz2.moveit.ros.motion_planning_frame]: Constructing new MoveGroup connection for group 'omron_arm_group' in namespace ''
2025-12-08 19:57:21 INFO [1440786] ros.launch:105 - [rviz2-5] [INFO] [1765223841.927692582] [rviz2.moveit.ros.move_group_interface]: Ready to take commands for planning group omron_arm_group.
2025-12-08 19:57:21 INFO [1440786] ros.launch:105 - [rviz2-5] [INFO] [1765223841.964286619] [interactive_marker_display_94788354810608]: Sending request for interactive markers
2025-12-08 19:57:22 INFO [1440786] ros.launch:105 - [rviz2-5] [INFO] [1765223842.077881384] [interactive_marker_display_94788354810608]: Service response received for initialization
2025-12-08 19:57:49 INFO [1440786] ros.launch:105 - [rviz2-5] [INFO] [1765223869.601972579] [rviz2.moveit.ros.motion_planning_frame]: MoveGroup namespace changed: / -> . Reloading params.
2025-12-08 19:57:50 INFO [1440786] ros.launch:105 - [rviz2-5] [INFO] [1765223870.273947332] [rviz2.moveit.ros.planning_scene_monitor]: Stopped publishing maintained planning scene.
2025-12-08 19:57:50 INFO [1440786] ros.launch:105 - [rviz2-5] [INFO] [1765223870.274021406] [rviz2.moveit.ros.planning_scene_monitor]: Stopping planning scene monitor
2025-12-08 19:57:50 INFO [1440786] ros.launch:105 - [rviz2-5] [INFO] [1765223870.295815826] [rviz2.moveit.ros.rdf_loader]: Loaded robot model in 0.00373785 seconds
2025-12-08 19:57:50 INFO [1440786] ros.launch:105 - [rviz2-5] [INFO] [1765223870.295900262] [rviz2.moveit.core.robot_model]: Loading robot model 'omron_viper_s650'...
2025-12-08 19:57:50 INFO [1440786] ros.launch:105 - [rviz2-5] [WARN] [1765223870.353038351] [interactive_marker_display_94788354810608]: Server not available while running, resetting
2025-12-08 19:57:50 INFO [1440786] ros.launch:105 - [rviz2-5] [INFO] [1765223870.482294057] [trac_ik_kinematics_plugin.trac_ik_kinematics_plugin]: IK Using joint Adept_Viper_s650_Link2 -2.96706 2.96706
2025-12-08 19:57:50 INFO [1440786] ros.launch:105 - [rviz2-5] [INFO] [1765223870.482357666] [trac_ik_kinematics_plugin.trac_ik_kinematics_plugin]: IK Using joint Adept_Viper_s650_Link3 -3.31613 0.7854
2025-12-08 19:57:50 INFO [1440786] ros.launch:105 - [rviz2-5] [INFO] [1765223870.482365258] [trac_ik_kinematics_plugin.trac_ik_kinematics_plugin]: IK Using joint Adept_Viper_s650_Link4 -0.50615 4.46805
2025-12-08 19:57:50 INFO [1440786] ros.launch:105 - [rviz2-5] [INFO] [1765223870.482370286] [trac_ik_kinematics_plugin.trac_ik_kinematics_plugin]: IK Using joint Adept_Viper_s650_Link5 -3.31613 3.31613
2025-12-08 19:57:50 INFO [1440786] ros.launch:105 - [rviz2-5] [INFO] [1765223870.482374800] [trac_ik_kinematics_plugin.trac_ik_kinematics_plugin]: IK Using joint Adept_Viper_s650_Link6 -2.0944 2.0944
2025-12-08 19:57:50 INFO [1440786] ros.launch:105 - [rviz2-5] [INFO] [1765223870.482378596] [trac_ik_kinematics_plugin.trac_ik_kinematics_plugin]: IK Using joint Adept_Viper_650_Interface_Plate -3.14159 3.14159
2025-12-08 19:57:50 INFO [1440786] ros.launch:105 - [rviz2-5] [INFO] [1765223870.482383418] [trac_ik_kinematics_plugin.trac_ik_kinematics_plugin]: Using solve type Distance
2025-12-08 19:57:51 INFO [1440786] ros.launch:105 - [rviz2-5] [INFO] [1765223871.018222424] [rviz2.moveit.ros.planning_scene_monitor]: Publishing maintained planning scene on 'monitored_planning_scene'
2025-12-08 19:57:51 INFO [1440786] ros.launch:105 - [rviz2-5] [INFO] [1765223871.088195595] [rviz2.moveit.ros.planning_scene_monitor]: Starting planning scene monitor
2025-12-08 19:57:51 INFO [1440786] ros.launch:105 - [rviz2-5] [INFO] [1765223871.089803981] [rviz2.moveit.ros.planning_scene_monitor]: Listening to '/monitored_planning_scene'
2025-12-08 19:57:51 INFO [1440786] ros.launch:105 - [rviz2-5] [INFO] [1765223871.200512613] [rviz2.moveit.ros.motion_planning_frame]: group omron_arm_group
2025-12-08 19:57:51 INFO [1440786] ros.launch:105 - [rviz2-5] [INFO] [1765223871.200763150] [rviz2.moveit.ros.motion_planning_frame]: Constructing new MoveGroup connection for group 'omron_arm_group' in namespace ''
2025-12-08 19:57:51 INFO [1440786] ros.launch:105 - [rviz2-5] [INFO] [1765223871.231484388] [rviz2.moveit.ros.move_group_interface]: Ready to take commands for planning group omron_arm_group.
2025-12-08 19:57:51 INFO [1440786] ros.launch:105 - [rviz2-5] [INFO] [1765223871.292195563] [interactive_marker_display_94788354810608]: Sending request for interactive markers
2025-12-08 19:57:51 INFO [1440786] ros.launch:105 - [rviz2-5] [INFO] [1765223871.385728306] [interactive_marker_display_94788354810608]: Service response received for initialization
2025-12-08 19:58:18 INFO [1440786] ros.launch:105 - [rviz2-5] [INFO] [1765223898.840441933] [rviz2.moveit.ros.motion_planning_frame]: MoveGroup namespace changed: / -> . Reloading params.
2025-12-08 19:58:19 INFO [1440786] ros.launch:105 - [rviz2-5] [INFO] [1765223899.553793868] [rviz2.moveit.ros.planning_scene_monitor]: Stopped publishing maintained planning scene.
2025-12-08 19:58:19 INFO [1440786] ros.launch:105 - [rviz2-5] [INFO] [1765223899.553871831] [rviz2.moveit.ros.planning_scene_monitor]: Stopping planning scene monitor
2025-12-08 19:58:19 INFO [1440786] ros.launch:105 - [rviz2-5] [INFO] [1765223899.575061103] [rviz2.moveit.ros.rdf_loader]: Loaded robot model in 0.00363223 seconds
2025-12-08 19:58:19 INFO [1440786] ros.launch:105 - [rviz2-5] [INFO] [1765223899.575204718] [rviz2.moveit.core.robot_model]: Loading robot model 'omron_viper_s650'...
2025-12-08 19:58:19 INFO [1440786] ros.launch:105 - [rviz2-5] [WARN] [1765223899.628708813] [interactive_marker_display_94788354810608]: Server not available while running, resetting
2025-12-08 19:58:19 INFO [1440786] ros.launch:105 - [rviz2-5] [INFO] [1765223899.773505404] [trac_ik_kinematics_plugin.trac_ik_kinematics_plugin]: IK Using joint Adept_Viper_s650_Link2 -2.96706 2.96706
2025-12-08 19:58:19 INFO [1440786] ros.launch:105 - [rviz2-5] [INFO] [1765223899.773592804] [trac_ik_kinematics_plugin.trac_ik_kinematics_plugin]: IK Using joint Adept_Viper_s650_Link3 -3.31613 0.7854
2025-12-08 19:58:19 INFO [1440786] ros.launch:105 - [rviz2-5] [INFO] [1765223899.773625015] [trac_ik_kinematics_plugin.trac_ik_kinematics_plugin]: IK Using joint Adept_Viper_s650_Link4 -0.50615 4.46805
2025-12-08 19:58:19 INFO [1440786] ros.launch:105 - [rviz2-5] [INFO] [1765223899.773630041] [trac_ik_kinematics_plugin.trac_ik_kinematics_plugin]: IK Using joint Adept_Viper_s650_Link5 -3.31613 3.31613
2025-12-08 19:58:19 INFO [1440786] ros.launch:105 - [rviz2-5] [INFO] [1765223899.773634555] [trac_ik_kinematics_plugin.trac_ik_kinematics_plugin]: IK Using joint Adept_Viper_s650_Link6 -2.0944 2.0944
2025-12-08 19:58:19 INFO [1440786] ros.launch:105 - [rviz2-5] [INFO] [1765223899.773639068] [trac_ik_kinematics_plugin.trac_ik_kinematics_plugin]: IK Using joint Adept_Viper_650_Interface_Plate -3.14159 3.14159
2025-12-08 19:58:19 INFO [1440786] ros.launch:105 - [rviz2-5] [INFO] [1765223899.773642966] [trac_ik_kinematics_plugin.trac_ik_kinematics_plugin]: Using solve type Distance
2025-12-08 19:58:20 INFO [1440786] ros.launch:105 - [rviz2-5] [INFO] [1765223900.296691747] [rviz2.moveit.ros.planning_scene_monitor]: Publishing maintained planning scene on 'monitored_planning_scene'
2025-12-08 19:58:20 INFO [1440786] ros.launch:105 - [rviz2-5] [INFO] [1765223900.305677023] [rviz2.moveit.ros.planning_scene_monitor]: Starting planning scene monitor
2025-12-08 19:58:20 INFO [1440786] ros.launch:105 - [rviz2-5] [INFO] [1765223900.307267970] [rviz2.moveit.ros.planning_scene_monitor]: Listening to '/monitored_planning_scene'
2025-12-08 19:58:20 INFO [1440786] ros.launch:105 - [rviz2-5] [INFO] [1765223900.408222784] [rviz2.moveit.ros.motion_planning_frame]: group omron_arm_group
2025-12-08 19:58:20 INFO [1440786] ros.launch:105 - [rviz2-5] [INFO] [1765223900.408268844] [rviz2.moveit.ros.motion_planning_frame]: Constructing new MoveGroup connection for group 'omron_arm_group' in namespace ''
2025-12-08 19:58:20 INFO [1440786] ros.launch:105 - [rviz2-5] [INFO] [1765223900.441102116] [rviz2.moveit.ros.move_group_interface]: Ready to take commands for planning group omron_arm_group.
2025-12-08 19:58:20 INFO [1440786] ros.launch:105 - [rviz2-5] [INFO] [1765223900.476532565] [interactive_marker_display_94788354810608]: Sending request for interactive markers
2025-12-08 19:58:20 INFO [1440786] ros.launch:105 - [rviz2-5] [INFO] [1765223900.577050995] [interactive_marker_display_94788354810608]: Service response received for initialization
